mode: set
github.com/MarkTBSS/assessment-tax/pkg/tax/service/tax-service.go:18.92,20.2 1 1
github.com/MarkTBSS/assessment-tax/pkg/tax/service/tax-service.go:21.99,22.58 1 1
github.com/MarkTBSS/assessment-tax/pkg/tax/service/tax-service.go:22.58,24.3 1 0
github.com/MarkTBSS/assessment-tax/pkg/tax/service/tax-service.go:25.2,26.16 2 1
github.com/MarkTBSS/assessment-tax/pkg/tax/service/tax-service.go:26.16,28.3 1 0
github.com/MarkTBSS/assessment-tax/pkg/tax/service/tax-service.go:36.2,39.50 3 1
github.com/MarkTBSS/assessment-tax/pkg/tax/service/tax-service.go:39.50,40.34 1 1
github.com/MarkTBSS/assessment-tax/pkg/tax/service/tax-service.go:41.23,42.33 1 1
github.com/MarkTBSS/assessment-tax/pkg/tax/service/tax-service.go:42.33,44.5 1 1
github.com/MarkTBSS/assessment-tax/pkg/tax/service/tax-service.go:45.4,45.35 1 1
github.com/MarkTBSS/assessment-tax/pkg/tax/service/tax-service.go:46.23,47.49 1 1
github.com/MarkTBSS/assessment-tax/pkg/tax/service/tax-service.go:47.49,49.5 1 1
github.com/MarkTBSS/assessment-tax/pkg/tax/service/tax-service.go:50.4,50.35 1 1
github.com/MarkTBSS/assessment-tax/pkg/tax/service/tax-service.go:54.2,58.13 3 1
github.com/MarkTBSS/assessment-tax/pkg/tax/service/tax-service.go:58.13,60.3 1 0
github.com/MarkTBSS/assessment-tax/pkg/tax/service/tax-service.go:60.8,62.3 1 1
github.com/MarkTBSS/assessment-tax/pkg/tax/service/tax-service.go:65.62,72.9 6 1
github.com/MarkTBSS/assessment-tax/pkg/tax/service/tax-service.go:73.27,78.95 5 1
github.com/MarkTBSS/assessment-tax/pkg/tax/service/tax-service.go:79.27,86.95 7 1
github.com/MarkTBSS/assessment-tax/pkg/tax/service/tax-service.go:87.28,94.95 7 1
github.com/MarkTBSS/assessment-tax/pkg/tax/service/tax-service.go:95.28,102.95 7 1
github.com/MarkTBSS/assessment-tax/pkg/tax/service/tax-service.go:103.10,110.97 7 1
github.com/MarkTBSS/assessment-tax/pkg/tax/service/tax-service.go:112.2,112.28 1 1
